{"uuid":"386f9589-7fa7-48fa-824a-3a7df78b2c90","historyId":"39890725b3f246c73a8a99aaffa2ca36","fullName":"com.automationexercices.tests.ui.RegisterTest.verifyErrorMessageWhenAccountCreatedBefore","labels":[{"name":"package","value":"com.automationexercices.tests.ui.RegisterTest"},{"name":"testClass","value":"com.automationexercices.tests.ui.RegisterTest"},{"name":"testMethod","value":"verifyErrorMessageWhenAccountCreatedBefore"},{"name":"parentSuite","value":"Automation Exercise"},{"name":"suite","value":"Surefire test"},{"name":"subSuite","value":"com.automationexercices.tests.ui.RegisterTest"},{"name":"host","value":"Mina"},{"name":"thread","value":"13128@Mina.main(1)"},{"name":"framework","value":"testng"},{"name":"language","value":"java"},{"name":"epic","value":"Automation Exercise"},{"name":"owner","value":"Mina"},{"name":"feature","value":"UI User Management"},{"name":"story","value":"User Registration"},{"name":"severity","value":"critical"}],"links":[],"name":"verifyErrorMessageWhenAccountCreatedBefore","status":"failed","statusDetails":{"known":false,"muted":false,"flaky":false,"message":"Register error message is not as expected expected [Email already exist!] but found [Email Address already exist!]","trace":"java.lang.AssertionError: Register error message is not as expected expected [Email already exist!] but found [Email Address already exist!]\r\n\tat org.testng.Assert.fail(Assert.java:111)\r\n\tat org.testng.Assert.failNotEquals(Assert.java:1590)\r\n\tat org.testng.Assert.assertEqualsImpl(Assert.java:150)\r\n\tat org.testng.Assert.assertEquals(Assert.java:132)\r\n\tat org.testng.Assert.assertEquals(Assert.java:656)\r\n\tat com.automationexercices.validations.Verification.assertEquals(Verification.java:27)\r\n\tat com.automationexercices.validations.BaseAssertion.Equals(BaseAssertion.java:41)\r\n\tat com.automationexercices.pages.SignupLoginPage.verifyRegisterErrorMsg(SignupLoginPage.java:84)\r\n\tat com.automationexercices.tests.ui.RegisterTest.verifyErrorMessageWhenAccountCreatedBefore(RegisterTest.java:95)\r\n\tat java.base/jdk.internal.reflect.DirectMethodHandleAccessor.invoke(DirectMethodHandleAccessor.java:103)\r\n\tat java.base/java.lang.reflect.Method.invoke(Method.java:580)\r\n\tat org.testng.internal.invokers.MethodInvocationHelper.invokeMethod(MethodInvocationHelper.java:141)\r\n\tat org.testng.internal.invokers.TestInvoker.invokeMethod(TestInvoker.java:687)\r\n\tat org.testng.internal.invokers.TestInvoker.invokeTestMethod(TestInvoker.java:230)\r\n\tat org.testng.internal.invokers.MethodRunner.runInSequence(MethodRunner.java:63)\r\n\tat org.testng.internal.invokers.TestInvoker$MethodInvocationAgent.invoke(TestInvoker.java:995)\r\n\tat org.testng.internal.invokers.TestInvoker.invokeTestMethods(TestInvoker.java:203)\r\n\tat org.testng.internal.invokers.TestMethodWorker.invokeTestMethods(TestMethodWorker.java:154)\r\n\tat org.testng.internal.invokers.TestMethodWorker.run(TestMethodWorker.java:134)\r\n\tat java.base/java.util.ArrayList.forEach(ArrayList.java:1597)\r\n\tat org.testng.TestRunner.privateRun(TestRunner.java:741)\r\n\tat org.testng.TestRunner.run(TestRunner.java:616)\r\n\tat org.testng.SuiteRunner.runTest(SuiteRunner.java:421)\r\n\tat org.testng.SuiteRunner.runSequentially(SuiteRunner.java:413)\r\n\tat org.testng.SuiteRunner.privateRun(SuiteRunner.java:373)\r\n\tat org.testng.SuiteRunner.run(SuiteRunner.java:312)\r\n\tat org.testng.SuiteRunnerWorker.runSuite(SuiteRunnerWorker.java:52)\r\n\tat org.testng.SuiteRunnerWorker.run(SuiteRunnerWorker.java:95)\r\n\tat org.testng.TestNG.runSuitesSequentially(TestNG.java:1274)\r\n\tat org.testng.TestNG.runSuitesLocally(TestNG.java:1208)\r\n\tat org.testng.TestNG.runSuites(TestNG.java:1112)\r\n\tat org.testng.TestNG.run(TestNG.java:1079)\r\n\tat org.apache.maven.surefire.testng.TestNGExecutor.run(TestNGExecutor.java:155)\r\n\tat org.apache.maven.surefire.testng.TestNGDirectoryTestSuite.executeMulti(TestNGDirectoryTestSuite.java:169)\r\n\tat org.apache.maven.surefire.testng.TestNGDirectoryTestSuite.execute(TestNGDirectoryTestSuite.java:88)\r\n\tat org.apache.maven.surefire.testng.TestNGProvider.invoke(TestNGProvider.java:137)\r\n\tat org.apache.maven.surefire.booter.ForkedBooter.runSuitesInProcess(ForkedBooter.java:385)\r\n\tat org.apache.maven.surefire.booter.ForkedBooter.execute(ForkedBooter.java:162)\r\n\tat org.apache.maven.surefire.booter.ForkedBooter.run(ForkedBooter.java:507)\r\n\tat org.apache.maven.surefire.booter.ForkedBooter.main(ForkedBooter.java:495)\r\n"},"stage":"finished","description":"Verify user cannot sign up with invalid data","steps":[{"name":"Create a new user account with full details","status":"passed","stage":"finished","steps":[],"attachments":[],"parameters":[{"name":"name","value":"Automation_Test"},{"name":"email","value":"automationtest_1766659692717@gmail.com"},{"name":"pass","value":"P@ssw0rd"},{"name":"title","value":"Mr"},{"name":"birth_date","value":"1"},{"name":"birth_month","value":"January"},{"name":"birth_year","value":"2000"},{"name":"firstName","value":"Automation_Firstname"},{"name":"lastName","value":"Automation_Lastname"},{"name":"company","value":"Automation_Company"},{"name":"address1","value":"Automation_Address1"},{"name":"address2","value":"Automation_Address2"},{"name":"country","value":"India"},{"name":"zipcode","value":"Automation_State"},{"name":"state","value":"Automation_City"},{"name":"city","value":"12345"},{"name":"mobile_number","value":"1234567890"}],"start":1766659937248,"stop":1766659938066},{"name":"Verify that user is created successfully","status":"passed","stage":"finished","steps":[],"attachments":[],"parameters":[],"start":1766659938066,"stop":1766659938081},{"name":"Navigate to Register/Login Page","status":"passed","stage":"finished","steps":[],"attachments":[],"parameters":[],"start":1766659938081,"stop":1766659938536},{"name":"Enter name Automation_Test in signup field","status":"passed","stage":"finished","steps":[],"attachments":[],"parameters":[{"name":"name","value":"Automation_Test"}],"start":1766659938536,"stop":1766659938785},{"name":"Enter email automationtest_1766659692717@gmail.com in signup field","status":"passed","stage":"finished","steps":[],"attachments":[],"parameters":[{"name":"email","value":"automationtest_1766659692717@gmail.com"}],"start":1766659938785,"stop":1766659938918},{"name":"Click signup button","status":"passed","stage":"finished","steps":[],"attachments":[],"parameters":[],"start":1766659938918,"stop":1766659939418},{"name":"Verify register error message Email already exist!","status":"failed","statusDetails":{"known":false,"muted":false,"flaky":false,"message":"Register error message is not as expected expected [Email already exist!] but found [Email Address already exist!]","trace":"java.lang.AssertionError: Register error message is not as expected expected [Email already exist!] but found [Email Address already exist!]\r\n\tat org.testng.Assert.fail(Assert.java:111)\r\n\tat org.testng.Assert.failNotEquals(Assert.java:1590)\r\n\tat org.testng.Assert.assertEqualsImpl(Assert.java:150)\r\n\tat org.testng.Assert.assertEquals(Assert.java:132)\r\n\tat org.testng.Assert.assertEquals(Assert.java:656)\r\n\tat com.automationexercices.validations.Verification.assertEquals(Verification.java:27)\r\n\tat com.automationexercices.validations.BaseAssertion.Equals(BaseAssertion.java:41)\r\n\tat com.automationexercices.pages.SignupLoginPage.verifyRegisterErrorMsg(SignupLoginPage.java:84)\r\n\tat com.automationexercices.tests.ui.RegisterTest.verifyErrorMessageWhenAccountCreatedBefore(RegisterTest.java:95)\r\n\tat java.base/jdk.internal.reflect.DirectMethodHandleAccessor.invoke(DirectMethodHandleAccessor.java:103)\r\n\tat java.base/java.lang.reflect.Method.invoke(Method.java:580)\r\n\tat org.testng.internal.invokers.MethodInvocationHelper.invokeMethod(MethodInvocationHelper.java:141)\r\n\tat org.testng.internal.invokers.TestInvoker.invokeMethod(TestInvoker.java:687)\r\n\tat org.testng.internal.invokers.TestInvoker.invokeTestMethod(TestInvoker.java:230)\r\n\tat org.testng.internal.invokers.MethodRunner.runInSequence(MethodRunner.java:63)\r\n\tat org.testng.internal.invokers.TestInvoker$MethodInvocationAgent.invoke(TestInvoker.java:995)\r\n\tat org.testng.internal.invokers.TestInvoker.invokeTestMethods(TestInvoker.java:203)\r\n\tat org.testng.internal.invokers.TestMethodWorker.invokeTestMethods(TestMethodWorker.java:154)\r\n\tat org.testng.internal.invokers.TestMethodWorker.run(TestMethodWorker.java:134)\r\n\tat java.base/java.util.ArrayList.forEach(ArrayList.java:1597)\r\n\tat org.testng.TestRunner.privateRun(TestRunner.java:741)\r\n\tat org.testng.TestRunner.run(TestRunner.java:616)\r\n\tat org.testng.SuiteRunner.runTest(SuiteRunner.java:421)\r\n\tat org.testng.SuiteRunner.runSequentially(SuiteRunner.java:413)\r\n\tat org.testng.SuiteRunner.privateRun(SuiteRunner.java:373)\r\n\tat org.testng.SuiteRunner.run(SuiteRunner.java:312)\r\n\tat org.testng.SuiteRunnerWorker.runSuite(SuiteRunnerWorker.java:52)\r\n\tat org.testng.SuiteRunnerWorker.run(SuiteRunnerWorker.java:95)\r\n\tat org.testng.TestNG.runSuitesSequentially(TestNG.java:1274)\r\n\tat org.testng.TestNG.runSuitesLocally(TestNG.java:1208)\r\n\tat org.testng.TestNG.runSuites(TestNG.java:1112)\r\n\tat org.testng.TestNG.run(TestNG.java:1079)\r\n\tat org.apache.maven.surefire.testng.TestNGExecutor.run(TestNGExecutor.java:155)\r\n\tat org.apache.maven.surefire.testng.TestNGDirectoryTestSuite.executeMulti(TestNGDirectoryTestSuite.java:169)\r\n\tat org.apache.maven.surefire.testng.TestNGDirectoryTestSuite.execute(TestNGDirectoryTestSuite.java:88)\r\n\tat org.apache.maven.surefire.testng.TestNGProvider.invoke(TestNGProvider.java:137)\r\n\tat org.apache.maven.surefire.booter.ForkedBooter.runSuitesInProcess(ForkedBooter.java:385)\r\n\tat org.apache.maven.surefire.booter.ForkedBooter.execute(ForkedBooter.java:162)\r\n\tat org.apache.maven.surefire.booter.ForkedBooter.run(ForkedBooter.java:507)\r\n\tat org.apache.maven.surefire.booter.ForkedBooter.main(ForkedBooter.java:495)\r\n"},"stage":"finished","steps":[],"attachments":[],"parameters":[{"name":"errorExpected","value":"Email already exist!"}],"start":1766659939418,"stop":1766659939461}],"attachments":[{"name":"failed-verifyErrorMessageWhenAccountCreatedBefore","source":"17f6bb6a-04a5-4464-a983-ffb2a8fa9c45-attachment"},{"name":"logs.log","source":"42f1ba8e-b5da-4e1f-bf81-e5cb1467af4d-attachment.txt","type":"text/plain"}],"parameters":[],"start":1766659937244,"stop":1766659939682}