{"uuid":"48890c43-f8d4-4d8a-b4e9-31d901f63647","historyId":"11fed51a3f4bd57fb80a1d04713be129","fullName":"com.automationexercices.tests.ui.LoginTest.inValidLoginUsingInvalidEmailTC","labels":[{"name":"package","value":"com.automationexercices.tests.ui.LoginTest"},{"name":"testClass","value":"com.automationexercices.tests.ui.LoginTest"},{"name":"testMethod","value":"inValidLoginUsingInvalidEmailTC"},{"name":"parentSuite","value":"Automation Exercise"},{"name":"suite","value":"Surefire test"},{"name":"subSuite","value":"com.automationexercices.tests.ui.LoginTest"},{"name":"host","value":"Mina"},{"name":"thread","value":"13128@Mina.main(1)"},{"name":"framework","value":"testng"},{"name":"language","value":"java"},{"name":"epic","value":"Automation Exercise"},{"name":"owner","value":"Mina"},{"name":"feature","value":"UI User Management"},{"name":"story","value":"User Login"},{"name":"severity","value":"critical"}],"links":[],"name":"inValidLoginUsingInvalidEmailTC","status":"broken","statusDetails":{"known":false,"muted":false,"flaky":false,"message":"Expected condition failed: waiting for com.automationexercices.utils.actions.ElementActions$$Lambda/0x000001ad874af8f0@33e31972 (tried for 15 second(s) with 100 milliseconds interval)\nBuild info: version: '4.35.0', revision: '1c58e5028b'\nSystem info: os.name: 'Windows 10', os.arch: 'amd64', os.version: '10.0', java.version: '22.0.1'\nDriver info: driver.version: unknown","trace":"org.openqa.selenium.TimeoutException: Expected condition failed: waiting for com.automationexercices.utils.actions.ElementActions$$Lambda/0x000001ad874af8f0@33e31972 (tried for 15 second(s) with 100 milliseconds interval)\nBuild info: version: '4.35.0', revision: '1c58e5028b'\nSystem info: os.name: 'Windows 10', os.arch: 'amd64', os.version: '10.0', java.version: '22.0.1'\nDriver info: driver.version: unknown\r\n\tat org.openqa.selenium.support.ui.FluentWait.timeoutException(FluentWait.java:265)\r\n\tat org.openqa.selenium.support.ui.FluentWait.until(FluentWait.java:228)\r\n\tat com.automationexercices.utils.actions.ElementActions.getText(ElementActions.java:89)\r\n\tat com.automationexercices.pages.SignupLoginPage.verifyLoginErrorMsg(SignupLoginPage.java:77)\r\n\tat com.automationexercices.tests.ui.LoginTest.inValidLoginUsingInvalidEmailTC(LoginTest.java:67)\r\n\tat java.base/jdk.internal.reflect.DirectMethodHandleAccessor.invoke(DirectMethodHandleAccessor.java:103)\r\n\tat java.base/java.lang.reflect.Method.invoke(Method.java:580)\r\n\tat org.testng.internal.invokers.MethodInvocationHelper.invokeMethod(MethodInvocationHelper.java:141)\r\n\tat org.testng.internal.invokers.TestInvoker.invokeMethod(TestInvoker.java:687)\r\n\tat org.testng.internal.invokers.TestInvoker.invokeTestMethod(TestInvoker.java:230)\r\n\tat org.testng.internal.invokers.MethodRunner.runInSequence(MethodRunner.java:63)\r\n\tat org.testng.internal.invokers.TestInvoker$MethodInvocationAgent.invoke(TestInvoker.java:995)\r\n\tat org.testng.internal.invokers.TestInvoker.invokeTestMethods(TestInvoker.java:203)\r\n\tat org.testng.internal.invokers.TestMethodWorker.invokeTestMethods(TestMethodWorker.java:154)\r\n\tat org.testng.internal.invokers.TestMethodWorker.run(TestMethodWorker.java:134)\r\n\tat java.base/java.util.ArrayList.forEach(ArrayList.java:1597)\r\n\tat org.testng.TestRunner.privateRun(TestRunner.java:741)\r\n\tat org.testng.TestRunner.run(TestRunner.java:616)\r\n\tat org.testng.SuiteRunner.runTest(SuiteRunner.java:421)\r\n\tat org.testng.SuiteRunner.runSequentially(SuiteRunner.java:413)\r\n\tat org.testng.SuiteRunner.privateRun(SuiteRunner.java:373)\r\n\tat org.testng.SuiteRunner.run(SuiteRunner.java:312)\r\n\tat org.testng.SuiteRunnerWorker.runSuite(SuiteRunnerWorker.java:52)\r\n\tat org.testng.SuiteRunnerWorker.run(SuiteRunnerWorker.java:95)\r\n\tat org.testng.TestNG.runSuitesSequentially(TestNG.java:1274)\r\n\tat org.testng.TestNG.runSuitesLocally(TestNG.java:1208)\r\n\tat org.testng.TestNG.runSuites(TestNG.java:1112)\r\n\tat org.testng.TestNG.run(TestNG.java:1079)\r\n\tat org.apache.maven.surefire.testng.TestNGExecutor.run(TestNGExecutor.java:155)\r\n\tat org.apache.maven.surefire.testng.TestNGDirectoryTestSuite.executeMulti(TestNGDirectoryTestSuite.java:169)\r\n\tat org.apache.maven.surefire.testng.TestNGDirectoryTestSuite.execute(TestNGDirectoryTestSuite.java:88)\r\n\tat org.apache.maven.surefire.testng.TestNGProvider.invoke(TestNGProvider.java:137)\r\n\tat org.apache.maven.surefire.booter.ForkedBooter.runSuitesInProcess(ForkedBooter.java:385)\r\n\tat org.apache.maven.surefire.booter.ForkedBooter.execute(ForkedBooter.java:162)\r\n\tat org.apache.maven.surefire.booter.ForkedBooter.run(ForkedBooter.java:507)\r\n\tat org.apache.maven.surefire.booter.ForkedBooter.main(ForkedBooter.java:495)\r\n"},"stage":"finished","description":"Verify user cannot login with invalid email","steps":[{"name":"Create a new user account with minimal details","status":"passed","stage":"finished","steps":[],"attachments":[],"parameters":[{"name":"name","value":"Automation_Test"},{"name":"email","value":"automationtest_1766659692695@gmail.com"},{"name":"pass","value":"P@ssw0rd"},{"name":"firstName","value":"Automation_Firstname"},{"name":"lastName","value":"Automation_Lastname"}],"start":1766659778979,"stop":1766659779826},{"name":"Verify that user is created successfully","status":"passed","stage":"finished","steps":[],"attachments":[],"parameters":[],"start":1766659779826,"stop":1766659779840},{"name":"Navigate to Register/Login Page","status":"passed","stage":"finished","steps":[],"attachments":[],"parameters":[],"start":1766659779841,"stop":1766659780147},{"name":"Enter name automationtest_@gmail.com in login field","status":"passed","stage":"finished","steps":[],"attachments":[],"parameters":[{"name":"email","value":"automationtest_@gmail.com"}],"start":1766659780147,"stop":1766659780309},{"name":"Enter password P@ssw0rd in login field","status":"passed","stage":"finished","steps":[],"attachments":[],"parameters":[{"name":"password","value":"P@ssw0rd"}],"start":1766659780309,"stop":1766659780407},{"name":"Click login button","status":"passed","stage":"finished","steps":[],"attachments":[],"parameters":[],"start":1766659780407,"stop":1766659781226},{"name":"Verify login error message Your email or password is incorrect!","status":"broken","statusDetails":{"known":false,"muted":false,"flaky":false,"message":"Expected condition failed: waiting for com.automationexercices.utils.actions.ElementActions$$Lambda/0x000001ad874af8f0@33e31972 (tried for 15 second(s) with 100 milliseconds interval)\nBuild info: version: '4.35.0', revision: '1c58e5028b'\nSystem info: os.name: 'Windows 10', os.arch: 'amd64', os.version: '10.0', java.version: '22.0.1'\nDriver info: driver.version: unknown","trace":"org.openqa.selenium.TimeoutException: Expected condition failed: waiting for com.automationexercices.utils.actions.ElementActions$$Lambda/0x000001ad874af8f0@33e31972 (tried for 15 second(s) with 100 milliseconds interval)\nBuild info: version: '4.35.0', revision: '1c58e5028b'\nSystem info: os.name: 'Windows 10', os.arch: 'amd64', os.version: '10.0', java.version: '22.0.1'\nDriver info: driver.version: unknown\r\n\tat org.openqa.selenium.support.ui.FluentWait.timeoutException(FluentWait.java:265)\r\n\tat org.openqa.selenium.support.ui.FluentWait.until(FluentWait.java:228)\r\n\tat com.automationexercices.utils.actions.ElementActions.getText(ElementActions.java:89)\r\n\tat com.automationexercices.pages.SignupLoginPage.verifyLoginErrorMsg(SignupLoginPage.java:77)\r\n\tat com.automationexercices.tests.ui.LoginTest.inValidLoginUsingInvalidEmailTC(LoginTest.java:67)\r\n\tat java.base/jdk.internal.reflect.DirectMethodHandleAccessor.invoke(DirectMethodHandleAccessor.java:103)\r\n\tat java.base/java.lang.reflect.Method.invoke(Method.java:580)\r\n\tat org.testng.internal.invokers.MethodInvocationHelper.invokeMethod(MethodInvocationHelper.java:141)\r\n\tat org.testng.internal.invokers.TestInvoker.invokeMethod(TestInvoker.java:687)\r\n\tat org.testng.internal.invokers.TestInvoker.invokeTestMethod(TestInvoker.java:230)\r\n\tat org.testng.internal.invokers.MethodRunner.runInSequence(MethodRunner.java:63)\r\n\tat org.testng.internal.invokers.TestInvoker$MethodInvocationAgent.invoke(TestInvoker.java:995)\r\n\tat org.testng.internal.invokers.TestInvoker.invokeTestMethods(TestInvoker.java:203)\r\n\tat org.testng.internal.invokers.TestMethodWorker.invokeTestMethods(TestMethodWorker.java:154)\r\n\tat org.testng.internal.invokers.TestMethodWorker.run(TestMethodWorker.java:134)\r\n\tat java.base/java.util.ArrayList.forEach(ArrayList.java:1597)\r\n\tat org.testng.TestRunner.privateRun(TestRunner.java:741)\r\n\tat org.testng.TestRunner.run(TestRunner.java:616)\r\n\tat org.testng.SuiteRunner.runTest(SuiteRunner.java:421)\r\n\tat org.testng.SuiteRunner.runSequentially(SuiteRunner.java:413)\r\n\tat org.testng.SuiteRunner.privateRun(SuiteRunner.java:373)\r\n\tat org.testng.SuiteRunner.run(SuiteRunner.java:312)\r\n\tat org.testng.SuiteRunnerWorker.runSuite(SuiteRunnerWorker.java:52)\r\n\tat org.testng.SuiteRunnerWorker.run(SuiteRunnerWorker.java:95)\r\n\tat org.testng.TestNG.runSuitesSequentially(TestNG.java:1274)\r\n\tat org.testng.TestNG.runSuitesLocally(TestNG.java:1208)\r\n\tat org.testng.TestNG.runSuites(TestNG.java:1112)\r\n\tat org.testng.TestNG.run(TestNG.java:1079)\r\n\tat org.apache.maven.surefire.testng.TestNGExecutor.run(TestNGExecutor.java:155)\r\n\tat org.apache.maven.surefire.testng.TestNGDirectoryTestSuite.executeMulti(TestNGDirectoryTestSuite.java:169)\r\n\tat org.apache.maven.surefire.testng.TestNGDirectoryTestSuite.execute(TestNGDirectoryTestSuite.java:88)\r\n\tat org.apache.maven.surefire.testng.TestNGProvider.invoke(TestNGProvider.java:137)\r\n\tat org.apache.maven.surefire.booter.ForkedBooter.runSuitesInProcess(ForkedBooter.java:385)\r\n\tat org.apache.maven.surefire.booter.ForkedBooter.execute(ForkedBooter.java:162)\r\n\tat org.apache.maven.surefire.booter.ForkedBooter.run(ForkedBooter.java:507)\r\n\tat org.apache.maven.surefire.booter.ForkedBooter.main(ForkedBooter.java:495)\r\n"},"stage":"finished","steps":[],"attachments":[],"parameters":[{"name":"errorExpected","value":"Your email or password is incorrect!"}],"start":1766659781226,"stop":1766659796305}],"attachments":[{"name":"failed-inValidLoginUsingInvalidEmailTC","source":"52cab81a-5f25-42c8-9b10-1e1b773a7966-attachment"},{"name":"logs.log","source":"e4dc0f58-d3b8-449f-a3ad-60648d858d28-attachment.txt","type":"text/plain"}],"parameters":[],"start":1766659778976,"stop":1766659796591}